<?xml version="1.0" encoding="UTF-8"?>
<testsuite name="com.jojoldu.book.springboot.web.CodingTestTest" tests="1" skipped="0" failures="0" errors="0" timestamp="2021-10-21T17:38:19" hostname="DESKTOP-NK0MQ93" time="0.071">
  <properties/>
  <testcase name="코딩테스트_테스트" classname="com.jojoldu.book.springboot.web.CodingTestTest" time="0.071"/>
  <system-out><![CDATA[]]></system-out>
  <system-err><![CDATA[]]></system-err>
</testsuite>
