<?xml version="1.0" encoding="UTF-8"?>
<testsuite name="com.jojoldu.book.springboot.web.IndexControllerTest" tests="1" skipped="0" failures="0" errors="0" timestamp="2021-10-13T14:05:28" hostname="DESKTOP-NK0MQ93" time="0.295">
  <properties/>
  <testcase name="메인페이지_로딩" classname="com.jojoldu.book.springboot.web.IndexControllerTest" time="0.295"/>
  <system-out><![CDATA[2021-10-13 23:05:26.477  INFO 4472 --- [    Test worker] .b.t.c.SpringBootTestContextBootstrapper : Neither @ContextConfiguration nor @ContextHierarchy found for test class [com.jojoldu.book.springboot.web.IndexControllerTest], using SpringBootContextLoader
2021-10-13 23:05:26.478  INFO 4472 --- [    Test worker] o.s.t.c.support.AbstractContextLoader    : Could not detect default resource locations for test class [com.jojoldu.book.springboot.web.IndexControllerTest]: no resource found for suffixes {-context.xml, Context.groovy}.
2021-10-13 23:05:26.478  INFO 4472 --- [    Test worker] t.c.s.AnnotationConfigContextLoaderUtils : Could not detect default configuration classes for test class [com.jojoldu.book.springboot.web.IndexControllerTest]: IndexControllerTest does not declare any static, non-private, non-final, nested classes annotated with @Configuration.
2021-10-13 23:05:26.480  INFO 4472 --- [    Test worker] .b.t.c.SpringBootTestContextBootstrapper : Found @SpringBootConfiguration com.jojoldu.book.springboot.Application for test class com.jojoldu.book.springboot.web.IndexControllerTest
2021-10-13 23:05:26.481  INFO 4472 --- [    Test worker] .b.t.c.SpringBootTestContextBootstrapper : Loaded default TestExecutionListener class names from location [META-INF/spring.factories]: [org.springframework.security.test.context.support.WithSecurityContextTestExecutionListener, org.springframework.security.test.context.support.ReactorContextTestExecutionListener, org.springframework.boot.test.autoconfigure.restdocs.RestDocsTestExecutionListener, org.springframework.boot.test.autoconfigure.web.client.MockRestServiceServerResetTestExecutionListener, org.springframework.boot.test.autoconfigure.web.servlet.MockMvcPrintOnlyOnFailureTestExecutionListener, org.springframework.boot.test.autoconfigure.web.servlet.WebDriverTestExecutionListener, org.springframework.boot.test.mock.mockito.MockitoTestExecutionListener, org.springframework.boot.test.mock.mockito.ResetMocksTestExecutionListener, org.springframework.test.context.web.ServletTestExecutionListener, org.springframework.test.context.support.DirtiesContextBeforeModesTestExecutionListener, org.springframework.test.context.support.DependencyInjectionTestExecutionListener, org.springframework.test.context.support.DirtiesContextTestExecutionListener, org.springframework.test.context.transaction.TransactionalTestExecutionListener, org.springframework.test.context.jdbc.SqlScriptsTestExecutionListener]
2021-10-13 23:05:26.482  INFO 4472 --- [    Test worker] .b.t.c.SpringBootTestContextBootstrapper : Using TestExecutionListeners: [org.springframework.test.context.web.ServletTestExecutionListener@768e9239, org.springframework.test.context.support.DirtiesContextBeforeModesTestExecutionListener@5b8cef90, org.springframework.boot.test.mock.mockito.MockitoTestExecutionListener@24bc15ff, org.springframework.boot.test.autoconfigure.SpringBootDependencyInjectionTestExecutionListener@339e80e3, org.springframework.test.context.support.DirtiesContextTestExecutionListener@3103d3f3, org.springframework.test.context.transaction.TransactionalTestExecutionListener@d4f4a2c, org.springframework.test.context.jdbc.SqlScriptsTestExecutionListener@4998a597, org.springframework.security.test.context.support.WithSecurityContextTestExecutionListener@e46addf, org.springframework.security.test.context.support.ReactorContextTestExecutionListener@21f57baf, org.springframework.boot.test.autoconfigure.restdocs.RestDocsTestExecutionListener@561c4b97, org.springframework.boot.test.autoconfigure.web.client.MockRestServiceServerResetTestExecutionListener@5a24f8de, org.springframework.boot.test.autoconfigure.web.servlet.MockMvcPrintOnlyOnFailureTestExecutionListener@61378e10, org.springframework.boot.test.autoconfigure.web.servlet.WebDriverTestExecutionListener@6b95a99a, org.springframework.boot.test.mock.mockito.ResetMocksTestExecutionListener@5fe1078c]

  .   ____          _            __ _ _
 /\\ / ___'_ __ _ _(_)_ __  __ _ \ \ \ \
( ( )\___ | '_ | '_| | '_ \/ _` | \ \ \ \
 \\/  ___)| |_)| | | | | || (_| |  ) ) ) )
  '  |____| .__|_| |_|_| |_\__, | / / / /
 =========|_|==============|___/=/_/_/_/
 :: Spring Boot ::        (v2.1.7.RELEASE)

2021-10-13 23:05:26.518  INFO 4472 --- [    Test worker] c.j.b.s.web.IndexControllerTest          : Starting IndexControllerTest on DESKTOP-NK0MQ93 with PID 4472 (started by leeuj in C:\Users\leeuj\IdeaProjects\freelec-springboot2-webservice)
2021-10-13 23:05:26.518  INFO 4472 --- [    Test worker] c.j.b.s.web.IndexControllerTest          : No active profile set, falling back to default profiles: default
2021-10-13 23:05:26.768  INFO 4472 --- [    Test worker] .s.d.r.c.RepositoryConfigurationDelegate : Bootstrapping Spring Data repositories in DEFAULT mode.
2021-10-13 23:05:26.794  INFO 4472 --- [    Test worker] .s.d.r.c.RepositoryConfigurationDelegate : Finished Spring Data repository scanning in 26ms. Found 2 repository interfaces.
2021-10-13 23:05:26.910  INFO 4472 --- [    Test worker] trationDelegate$BeanPostProcessorChecker : Bean 'org.springframework.transaction.annotation.ProxyTransactionManagementConfiguration' of type [org.springframework.transaction.annotation.ProxyTransactionManagementConfiguration$$EnhancerBySpringCGLIB$$e9273045] is not eligible for getting processed by all BeanPostProcessors (for example: not eligible for auto-proxying)
2021-10-13 23:05:27.190  INFO 4472 --- [    Test worker] o.s.b.w.embedded.tomcat.TomcatWebServer  : Tomcat initialized with port(s): 0 (http)
2021-10-13 23:05:27.228  INFO 4472 --- [    Test worker] o.apache.catalina.core.StandardService   : Starting service [Tomcat]
2021-10-13 23:05:27.229  INFO 4472 --- [    Test worker] org.apache.catalina.core.StandardEngine  : Starting Servlet engine: [Apache Tomcat/9.0.22]
2021-10-13 23:05:27.432  INFO 4472 --- [    Test worker] o.a.c.c.C.[Tomcat].[localhost].[/]       : Initializing Spring embedded WebApplicationContext
2021-10-13 23:05:27.432  INFO 4472 --- [    Test worker] o.s.web.context.ContextLoader            : Root WebApplicationContext: initialization completed in 911 ms
2021-10-13 23:05:27.630  INFO 4472 --- [    Test worker] com.zaxxer.hikari.HikariDataSource       : HikariPool-2 - Starting...
2021-10-13 23:05:27.631  INFO 4472 --- [    Test worker] com.zaxxer.hikari.HikariDataSource       : HikariPool-2 - Start completed.
2021-10-13 23:05:27.670  INFO 4472 --- [    Test worker] o.hibernate.jpa.internal.util.LogHelper  : HHH000204: Processing PersistenceUnitInfo [
	name: default
	...]
2021-10-13 23:05:27.680  INFO 4472 --- [    Test worker] org.hibernate.dialect.Dialect            : HHH000400: Using dialect: org.hibernate.dialect.MySQL5InnoDBDialect
Hibernate: drop table if exists posts
Hibernate: drop table if exists user
Hibernate: create table posts (id bigint not null auto_increment, create_date datetime, modified_date datetime, author varchar(255), content TEXT not null, title varchar(500) not null, primary key (id)) engine=InnoDB
Hibernate: create table user (id bigint not null auto_increment, create_date datetime, modified_date datetime, email varchar(255) not null, name varchar(255) not null, picture varchar(255), role varchar(255) not null, primary key (id)) engine=InnoDB
2021-10-13 23:05:27.740  INFO 4472 --- [    Test worker] o.h.t.schema.internal.SchemaCreatorImpl  : HHH000476: Executing import script 'org.hibernate.tool.schema.internal.exec.ScriptSourceInputNonExistentImpl@81efaf2'
2021-10-13 23:05:27.740  INFO 4472 --- [    Test worker] j.LocalContainerEntityManagerFactoryBean : Initialized JPA EntityManagerFactory for persistence unit 'default'
2021-10-13 23:05:28.085  INFO 4472 --- [    Test worker] o.h.h.i.QueryTranslatorFactoryInitiator  : HHH000397: Using ASTQueryTranslatorFactory
2021-10-13 23:05:28.264  INFO 4472 --- [    Test worker] o.s.s.web.DefaultSecurityFilterChain     : Creating filter chain: any request, [org.springframework.security.web.context.request.async.WebAsyncManagerIntegrationFilter@67d91fba, org.springframework.security.web.context.SecurityContextPersistenceFilter@121e4822, org.springframework.security.web.header.HeaderWriterFilter@6a109c1, org.springframework.security.web.authentication.logout.LogoutFilter@6e7a25d4, org.springframework.security.oauth2.client.web.OAuth2AuthorizationRequestRedirectFilter@431a4120, org.springframework.security.oauth2.client.web.OAuth2LoginAuthenticationFilter@3de83e1b, org.springframework.security.web.authentication.ui.DefaultLoginPageGeneratingFilter@e453366, org.springframework.security.web.authentication.ui.DefaultLogoutPageGeneratingFilter@43e0c2, org.springframework.security.web.savedrequest.RequestCacheAwareFilter@1f078e34, org.springframework.security.web.servletapi.SecurityContextHolderAwareRequestFilter@11667314, org.springframework.security.web.authentication.AnonymousAuthenticationFilter@11c1b2ab, org.springframework.security.web.session.SessionManagementFilter@5049fea0, org.springframework.security.web.access.ExceptionTranslationFilter@e506895, org.springframework.security.web.access.intercept.FilterSecurityInterceptor@ccd761d]
2021-10-13 23:05:28.453  INFO 4472 --- [    Test worker] o.s.s.concurrent.ThreadPoolTaskExecutor  : Initializing ExecutorService 'applicationTaskExecutor'
2021-10-13 23:05:28.465  WARN 4472 --- [    Test worker] aWebConfiguration$JpaWebMvcConfiguration : spring.jpa.open-in-view is enabled by default. Therefore, database queries may be performed during view rendering. Explicitly configure spring.jpa.open-in-view to disable this warning
2021-10-13 23:05:28.495  INFO 4472 --- [    Test worker] o.s.b.a.w.s.WelcomePageHandlerMapping    : Adding welcome page template: index
2021-10-13 23:05:28.805  INFO 4472 --- [    Test worker] s.a.ScheduledAnnotationBeanPostProcessor : No TaskScheduler/ScheduledExecutorService bean found for scheduled processing
2021-10-13 23:05:28.829  INFO 4472 --- [    Test worker] o.s.b.w.embedded.tomcat.TomcatWebServer  : Tomcat started on port(s): 55231 (http) with context path ''
2021-10-13 23:05:28.830  INFO 4472 --- [    Test worker] c.j.b.s.web.IndexControllerTest          : Started IndexControllerTest in 2.346 seconds (JVM running for 10.593)
2021-10-13 23:05:28.954  INFO 4472 --- [o-auto-1-exec-1] o.a.c.c.C.[Tomcat].[localhost].[/]       : Initializing Spring DispatcherServlet 'dispatcherServlet'
2021-10-13 23:05:28.954  INFO 4472 --- [o-auto-1-exec-1] o.s.web.servlet.DispatcherServlet        : Initializing Servlet 'dispatcherServlet'
2021-10-13 23:05:28.992  INFO 4472 --- [o-auto-1-exec-1] o.s.web.servlet.DispatcherServlet        : Completed initialization in 38 ms
Hibernate: select posts0_.id as id1_0_, posts0_.create_date as create_d2_0_, posts0_.modified_date as modified3_0_, posts0_.author as author4_0_, posts0_.content as content5_0_, posts0_.title as title6_0_ from posts posts0_ order by posts0_.id DESC
]]></system-out>
  <system-err><![CDATA[]]></system-err>
</testsuite>
